[2025-08-31 22:30:30]	[done]
	build successfully !

[2025-08-31 22:38:52]	[done]
	build successfully !

[2025-08-31 22:45:49]	[done]
	build successfully !

[2025-08-31 22:54:03]	[done]
	build successfully !

[2025-08-31 23:14:26]	[done]
	build successfully !

[2025-08-31 23:15:02]	[done]
	build successfully !

[2025-08-31 23:16:50]	[done]
	build successfully !

[2025-08-31 23:37:52]	[done]
	build successfully !

[2025-09-01 20:45:25]	compilation failed at : "e:\51_practise\13_serial_part_str\serial_part_str\src\main.c", exit code: 2
command: 
  "d:\Keill_5\C51\BIN\C51.exe" .\src\main.c OMF2 TABS(4) CODE NOCOND SYMBOLS INCDIR(d:/Keill_5/C51/INC/STC;src/App;src/Com;src/Dri;src/Int;d:/Keill_5/C51/INC) DEFINE(__UVISION_VERSION='526') OPTIMIZE(8,SPEED) SMALL ROM(LARGE) PRINT(.\build\Debug\.obj\src\main.lst) OBJECT(.\build\Debug\.obj\src\main.o)
   at unify_builder.Program.Main(String[] args_)
---
C51 COMPILER V9.60.7.0 - SN: K1DZC-2SZX4C
COPYRIGHT Copyright (C) 2012 - 2022 ARM Limited or its Affiliates. All rights reserved.
*** WARNING C206 IN LINE 21 OF .\src\main.c: 'Dri_Uart_SendStr': missing function-prototype
*** ERROR C267 IN LINE 21 OF .\src\main.c: 'Dri_Uart_SendStr': requires ANSI-style prototype

C51 COMPILATION COMPLETE.  1 WARNING(S),  1 ERROR(S)

[2025-09-01 20:47:18]	[done]
	build successfully !

[2025-09-01 20:51:29]	[done]
	build successfully !

[2025-09-01 21:19:11]	[done]
	build successfully !

[2025-09-01 21:28:52]	[done]
	build successfully !

