[2025-08-29 21:43:40]	compilation failed at : "e:\51_practise\05_independent_buttons\05_Independent_buttons\src\main.c", exit code: 2
command: 
  "d:\Keill_5\C51\BIN\C51.exe" .\src\main.c OMF2 TABS(4) CODE NOCOND SYMBOLS INCDIR(d:/Keill_5/C51/INC/STC;src/App;src/Com;src/Dri;src/Int;d:/Keill_5/C51/INC) DEFINE(__UVISION_VERSION='526') OPTIMIZE(8,SPEED) SMALL ROM(LARGE) PRINT(.\build\Debug\.obj\src\main.lst) OBJECT(.\build\Debug\.obj\src\main.o)
   at unify_builder.Program.Main(String[] args_)
---
C51 COMPILER V9.60.7.0 - SN: K1DZC-2SZX4C
COPYRIGHT Copyright (C) 2012 - 2022 ARM Limited or its Affiliates. All rights reserved.
*** WARNING C317 IN LINE 6 OF .\src\main.c: attempt to redefine macro 'SW3'
*** ERROR C202 IN LINE 30 OF .\src\main.c: 'SW4': undefined identifier

C51 COMPILATION COMPLETE.  1 WARNING(S),  1 ERROR(S)

[2025-08-29 21:44:02]	[done]
	build successfully !

[2025-08-29 21:45:41]	[done]
	build successfully !

[2025-08-29 21:48:37]	[done]
	build successfully !

[2025-08-29 21:52:26]	[done]
	build successfully !

[2025-08-29 22:04:10]	[done]
	build successfully !

[2025-08-29 22:07:45]	compilation failed at : "e:\51_practise\05_independent_buttons\05_Independent_buttons\src\main.c", exit code: 2
command: 
  "d:\Keill_5\C51\BIN\C51.exe" .\src\main.c OMF2 TABS(4) CODE NOCOND SYMBOLS INCDIR(d:/Keill_5/C51/INC/STC;src/App;src/Com;src/Dri;src/Int;d:/Keill_5/C51/INC) DEFINE(__UVISION_VERSION='526') OPTIMIZE(8,SPEED) SMALL ROM(LARGE) PRINT(.\build\Debug\.obj\src\main.lst) OBJECT(.\build\Debug\.obj\src\main.o)
   at unify_builder.Program.Main(String[] args_)
---
C51 COMPILER V9.60.7.0 - SN: K1DZC-2SZX4C
COPYRIGHT Copyright (C) 2012 - 2022 ARM Limited or its Affiliates. All rights reserved.
*** ERROR C141 IN LINE 7 OF .\src\main.c: syntax error near 'sfr', expected 'bit'
*** ERROR C129 IN LINE 41 OF .\src\main.c: missing ';' before '<'

C51 COMPILATION COMPLETE.  0 WARNING(S),  2 ERROR(S)

[2025-08-29 22:08:43]	compilation failed at : "e:\51_practise\05_independent_buttons\05_Independent_buttons\src\main.c", exit code: 2
command: 
  "d:\Keill_5\C51\BIN\C51.exe" .\src\main.c OMF2 TABS(4) CODE NOCOND SYMBOLS INCDIR(d:/Keill_5/C51/INC/STC;src/App;src/Com;src/Dri;src/Int;d:/Keill_5/C51/INC) DEFINE(__UVISION_VERSION='526') OPTIMIZE(8,SPEED) SMALL ROM(LARGE) PRINT(.\build\Debug\.obj\src\main.lst) OBJECT(.\build\Debug\.obj\src\main.o)
   at unify_builder.Program.Main(String[] args_)
---
C51 COMPILER V9.60.7.0 - SN: K1DZC-2SZX4C
COPYRIGHT Copyright (C) 2012 - 2022 ARM Limited or its Affiliates. All rights reserved.
*** ERROR C141 IN LINE 7 OF .\src\main.c: syntax error near 'sfr', expected 'bit'
*** ERROR C129 IN LINE 41 OF .\src\main.c: missing ';' before '<'

C51 COMPILATION COMPLETE.  0 WARNING(S),  2 ERROR(S)

[2025-08-29 22:10:35]	compilation failed at : "e:\51_practise\05_independent_buttons\05_Independent_buttons\src\main.c", exit code: 2
command: 
  "d:\Keill_5\C51\BIN\C51.exe" .\src\main.c OMF2 TABS(4) CODE NOCOND SYMBOLS INCDIR(d:/Keill_5/C51/INC/STC;src/App;src/Com;src/Dri;src/Int;d:/Keill_5/C51/INC) DEFINE(__UVISION_VERSION='526') OPTIMIZE(8,SPEED) SMALL ROM(LARGE) PRINT(.\build\Debug\.obj\src\main.lst) OBJECT(.\build\Debug\.obj\src\main.o)
   at unify_builder.Program.Main(String[] args_)
---
C51 COMPILER V9.60.7.0 - SN: K1DZC-2SZX4C
COPYRIGHT Copyright (C) 2012 - 2022 ARM Limited or its Affiliates. All rights reserved.
*** ERROR C141 IN LINE 17 OF .\src\main.c: syntax error near 'sbit', expected 'bit'
*** ERROR C202 IN LINE 36 OF .\src\main.c: 'map': undefined identifier
*** ERROR C141 IN LINE 37 OF .\src\main.c: syntax error near '}', expected 'hdata'
*** ERROR C202 IN LINE 43 OF .\src\main.c: 'key_led_map': undefined identifier
*** ERROR C202 IN LINE 48 OF .\src\main.c: 'key_led_map': undefined identifier

C51 COMPILATION COMPLETE.  0 WARNING(S),  5 ERROR(S)

[2025-08-29 22:10:49]	[done]
	build successfully !

