[2025-08-31 11:30:47]	[done]
	build successfully !

[2025-08-31 11:33:13]	[done]
	build successfully !

[2025-08-31 11:38:07]	[done]
	build successfully !

[2025-08-31 11:40:14]	[done]
	build successfully !

[2025-08-31 11:53:04]	[done]
	build successfully !

[2025-08-31 11:59:12]	compilation failed at : "e:\51_practise\11_matrix_led_roll\11_matrix_led_roll\src\Int\Int_LED_Matrix.c", exit code: 2
command: 
  "d:\Keill_5\C51\BIN\C51.exe" .\src\Int\Int_LED_Matrix.c OMF2 TABS(4) CODE NOCOND SYMBOLS INCDIR(d:/Keill_5/C51/INC/STC;src/App;src/Com;src/Dri;src/Int;d:/Keill_5/C51/INC) DEFINE(__UVISION_VERSION='526') OPTIMIZE(8,SPEED) SMALL ROM(LARGE) PRINT(.\build\Debug\.obj\src\Int\Int_LED_Matrix.lst) OBJECT(.\build\Debug\.obj\src\Int\Int_LED_Matrix.o)
   at unify_builder.Program.Main(String[] args_)
---
C51 COMPILER V9.60.7.0 - SN: K1DZC-2SZX4C
COPYRIGHT Copyright (C) 2012 - 2022 ARM Limited or its Affiliates. All rights reserved.
*** ERROR C202 IN LINE 24 OF .\src\Int\Int_LED_Matrix.c: 'Init_LEDMatrix_Refresh_Timer0': undefined identifier

C51 COMPILATION COMPLETE.  0 WARNING(S),  1 ERROR(S)

[2025-08-31 11:59:44]	link failed !, exit code: 2
   at unify_builder.Program.Main(String[] args_)
---

LX51 LINKER/LOCATER V4.66.100.0 - SN: K1DZC-2SZX4C
COPYRIGHT Copyright (C) 1995-2021, Arm Limited or its Affiliates. All rights reserved.
@e:\51_practise\11_matrix_led_roll\11_matrix_led_roll\build\Debug\11_matrix_led_roll.lnp .\build\Debug\.obj\src\Com\Com_util.o,.\build\Debug\.obj\src\Dri\Dri_Timer0.o,.\build\Debug\.obj\src\Int\Int_LED_Matrix.o,.\build\Debug\.obj\src\main.o TO .\build\Debug\11_matrix_led_roll
PRINT(.\build\Debug\11_matrix_led_roll.map) REMOVEUNUSED

*** ERROR L127: UNRESOLVED EXTERNAL SYMBOL
    SYMBOL:  Init_LEDMatrix_Refresh_Timer0
    MODULE:  .\BUILD\DEBUG\.OBJ\SRC\INT\INT_LED_MATRIX.O (INT_LED_MATRIX)

*** ERROR L128: REFERENCE MADE TO UNRESOLVED EXTERNAL
    SYMBOL:  Init_LEDMatrix_Refresh_Timer0
    MODULE:  .\BUILD\DEBUG\.OBJ\SRC\INT\INT_LED_MATRIX.O (INT_LED_MATRIX)
    ADDRESS: 10001ECH

*** ERROR L128: REFERENCE MADE TO UNRESOLVED EXTERNAL
    SYMBOL:  Init_LEDMatrix_Refresh_Timer0
    MODULE:  .\BUILD\DEBUG\.OBJ\SRC\INT\INT_LED_MATRIX.O (INT_LED_MATRIX)
    ADDRESS: 10001EEH

Program Size: data=62.0 xdata=0 const=0 code=534
LX51 RUN COMPLETE.  0 WARNING(S),  3 ERROR(S)


[2025-08-31 11:59:59]	link failed !, exit code: 2
   at unify_builder.Program.Main(String[] args_)
---

LX51 LINKER/LOCATER V4.66.100.0 - SN: K1DZC-2SZX4C
COPYRIGHT Copyright (C) 1995-2021, Arm Limited or its Affiliates. All rights reserved.
@e:\51_practise\11_matrix_led_roll\11_matrix_led_roll\build\Debug\11_matrix_led_roll.lnp .\build\Debug\.obj\src\Com\Com_util.o,.\build\Debug\.obj\src\Dri\Dri_Timer0.o,.\build\Debug\.obj\src\Int\Int_LED_Matrix.o,.\build\Debug\.obj\src\main.o TO .\build\Debug\11_matrix_led_roll
PRINT(.\build\Debug\11_matrix_led_roll.map) REMOVEUNUSED

*** ERROR L127: UNRESOLVED EXTERNAL SYMBOL
    SYMBOL:  Init_LEDMatrix_Refresh_Timer0
    MODULE:  .\BUILD\DEBUG\.OBJ\SRC\INT\INT_LED_MATRIX.O (INT_LED_MATRIX)

*** ERROR L128: REFERENCE MADE TO UNRESOLVED EXTERNAL
    SYMBOL:  Init_LEDMatrix_Refresh_Timer0
    MODULE:  .\BUILD\DEBUG\.OBJ\SRC\INT\INT_LED_MATRIX.O (INT_LED_MATRIX)
    ADDRESS: 10001ECH

*** ERROR L128: REFERENCE MADE TO UNRESOLVED EXTERNAL
    SYMBOL:  Init_LEDMatrix_Refresh_Timer0
    MODULE:  .\BUILD\DEBUG\.OBJ\SRC\INT\INT_LED_MATRIX.O (INT_LED_MATRIX)
    ADDRESS: 10001EEH

Program Size: data=62.0 xdata=0 const=0 code=534
LX51 RUN COMPLETE.  0 WARNING(S),  3 ERROR(S)


[2025-08-31 12:02:58]	link failed !, exit code: 2
   at unify_builder.Program.Main(String[] args_)
---

LX51 LINKER/LOCATER V4.66.100.0 - SN: K1DZC-2SZX4C
COPYRIGHT Copyright (C) 1995-2021, Arm Limited or its Affiliates. All rights reserved.
@e:\51_practise\11_matrix_led_roll\11_matrix_led_roll\build\Debug\11_matrix_led_roll.lnp .\build\Debug\.obj\src\Com\Com_util.o,.\build\Debug\.obj\src\Dri\Dri_Timer0.o,.\build\Debug\.obj\src\Int\Int_LED_Matrix.o,.\build\Debug\.obj\src\main.o TO .\build\Debug\11_matrix_led_roll
PRINT(.\build\Debug\11_matrix_led_roll.map) REMOVEUNUSED

*** ERROR L127: UNRESOLVED EXTERNAL SYMBOL
    SYMBOL:  Init_LEDMatrix_Refresh_Timer0
    MODULE:  .\BUILD\DEBUG\.OBJ\SRC\INT\INT_LED_MATRIX.O (INT_LED_MATRIX)

*** ERROR L128: REFERENCE MADE TO UNRESOLVED EXTERNAL
    SYMBOL:  Init_LEDMatrix_Refresh_Timer0
    MODULE:  .\BUILD\DEBUG\.OBJ\SRC\INT\INT_LED_MATRIX.O (INT_LED_MATRIX)
    ADDRESS: 10001ECH

*** ERROR L128: REFERENCE MADE TO UNRESOLVED EXTERNAL
    SYMBOL:  Init_LEDMatrix_Refresh_Timer0
    MODULE:  .\BUILD\DEBUG\.OBJ\SRC\INT\INT_LED_MATRIX.O (INT_LED_MATRIX)
    ADDRESS: 10001EEH

Program Size: data=62.0 xdata=0 const=0 code=534
LX51 RUN COMPLETE.  0 WARNING(S),  3 ERROR(S)


[2025-08-31 12:03:52]	[done]
	build successfully !

[2025-08-31 12:05:52]	[done]
	build successfully !

[2025-08-31 12:06:38]	[done]
	build successfully !

