[2025-08-29 17:41:18]	compilation failed at : "e:\51_practise\03_digital_tube_static\03_Digital_Tube_static\src\main.c", exit code: 2
command: 
  "d:\Keill_5\C51\BIN\C51.exe" .\src\main.c OMF2 TABS(4) CODE NOCOND SYMBOLS INCDIR(d:/Keill_5/C51/INC/STC;src/App;src/Com;src/Dri;src/Int;d:/Keill_5/C51/INC) DEFINE(__UVISION_VERSION='526') OPTIMIZE(8,SPEED) SMALL ROM(LARGE) PRINT(.\build\Debug\.obj\src\main.lst) OBJECT(.\build\Debug\.obj\src\main.o)
   at unify_builder.Program.Main(String[] args_)
---
C51 COMPILER V9.60.7.0 - SN: K1DZC-2SZX4C
COPYRIGHT Copyright (C) 2012 - 2022 ARM Limited or its Affiliates. All rights reserved.
*** ERROR C202 IN LINE 28 OF .\src\main.c: 'P1': undefined identifier
*** ERROR C202 IN LINE 29 OF .\src\main.c: 'P1': undefined identifier
*** ERROR C202 IN LINE 31 OF .\src\main.c: 'P0': undefined identifier
*** ERROR C202 IN LINE 37 OF .\src\main.c: 'P36': undefined identifier
*** ERROR C202 IN LINE 38 OF .\src\main.c: 'P34': undefined identifier
*** ERROR C141 IN LINE 40 OF .\src\main.c: syntax error near 'while', expected ';'

C51 COMPILATION COMPLETE.  0 WARNING(S),  6 ERROR(S)

[2025-08-29 17:41:53]	compilation failed at : "e:\51_practise\03_digital_tube_static\03_Digital_Tube_static\src\main.c", exit code: 2
command: 
  "d:\Keill_5\C51\BIN\C51.exe" .\src\main.c OMF2 TABS(4) CODE NOCOND SYMBOLS INCDIR(d:/Keill_5/C51/INC/STC;src/App;src/Com;src/Dri;src/Int;d:/Keill_5/C51/INC) DEFINE(__UVISION_VERSION='526') OPTIMIZE(8,SPEED) SMALL ROM(LARGE) PRINT(.\build\Debug\.obj\src\main.lst) OBJECT(.\build\Debug\.obj\src\main.o)
   at unify_builder.Program.Main(String[] args_)
---
C51 COMPILER V9.60.7.0 - SN: K1DZC-2SZX4C
COPYRIGHT Copyright (C) 2012 - 2022 ARM Limited or its Affiliates. All rights reserved.
*** WARNING C275 IN LINE 29 OF .\src\main.c: expression with possibly no effect
*** WARNING C275 IN LINE 30 OF .\src\main.c: expression with possibly no effect
*** ERROR C141 IN LINE 41 OF .\src\main.c: syntax error near 'while', expected ';'

C51 COMPILATION COMPLETE.  2 WARNING(S),  1 ERROR(S)

[2025-08-29 17:42:35]	[done]
	build successfully !

[2025-08-29 17:48:13]	compilation failed at : "e:\51_practise\03_digital_tube_static\03_Digital_Tube_static\src\main.c", exit code: 2
command: 
  "d:\Keill_5\C51\BIN\C51.exe" .\src\main.c OMF2 TABS(4) CODE NOCOND SYMBOLS INCDIR(d:/Keill_5/C51/INC/STC;src/App;src/Com;src/Dri;src/Int;d:/Keill_5/C51/INC) DEFINE(__UVISION_VERSION='526') OPTIMIZE(8,SPEED) SMALL ROM(LARGE) PRINT(.\build\Debug\.obj\src\main.lst) OBJECT(.\build\Debug\.obj\src\main.o)
   at unify_builder.Program.Main(String[] args_)
---
C51 COMPILER V9.60.7.0 - SN: K1DZC-2SZX4C
COPYRIGHT Copyright (C) 2012 - 2022 ARM Limited or its Affiliates. All rights reserved.
*** ERROR C213 IN LINE 28 OF .\src\main.c: left side of asn-op not an lvalue

C51 COMPILATION COMPLETE.  0 WARNING(S),  1 ERROR(S)

[2025-08-29 17:50:02]	[done]
	build successfully !

[2025-08-29 17:53:03]	[done]
	build successfully !

[2025-08-29 17:56:34]	[done]
	build successfully !

[2025-08-29 17:57:01]	[done]
	build successfully !

