[2025-09-03 22:52:36]	[done]
	build successfully !

[2025-09-03 23:07:05]	compilation failed at : "e:\51_practise\16_OLED\16_OLED\src\Int\Int_OLED.c", exit code: 2
command: 
  "d:\Keill_5\C51\BIN\C51.exe" .\src\Int\Int_OLED.c OMF2 TABS(4) CODE NOCOND SYMBOLS INCDIR(d:/Keill_5/C51/INC/STC;src/App;src/Com;src/Dri;src/Int;d:/Keill_5/C51/INC) DEFINE(__UVISION_VERSION='526') OPTIMIZE(8,SPEED) SMALL ROM(LARGE) PRINT(.\build\Debug\.obj\src\Int\Int_OLED.lst) OBJECT(.\build\Debug\.obj\src\Int\Int_OLED.o)
   at unify_builder.Program.Main(String[] args_)
---
C51 COMPILER V9.60.7.0 - SN: K1DZC-2SZX4C
COPYRIGHT Copyright (C) 2012 - 2022 ARM Limited or its Affiliates. All rights reserved.
*** ERROR C136 IN LINE 61 OF .\src\Int\Int_OLED.c: invalid dimension size: [0]
*** ERROR C231 IN LINE 61 OF .\src\Int\Int_OLED.c: 'cmd_bytes': redefinition

C51 COMPILATION COMPLETE.  0 WARNING(S),  2 ERROR(S)

[2025-09-03 23:07:35]	[done]
	build successfully !

[2025-09-04 09:10:38]	[done]
	build successfully !

[2025-09-04 09:31:32]	compilation failed at : "e:\51_practise\16_OLED\16_OLED\src\main.c", exit code: 2
command: 
  "d:\Keill_5\C51\BIN\C51.exe" .\src\main.c OMF2 TABS(4) CODE NOCOND SYMBOLS INCDIR(d:/Keill_5/C51/INC/STC;src/App;src/Com;src/Dri;src/Int;d:/Keill_5/C51/INC) DEFINE(__UVISION_VERSION='526') OPTIMIZE(8,SPEED) SMALL ROM(LARGE) PRINT(.\build\Debug\.obj\src\main.lst) OBJECT(.\build\Debug\.obj\src\main.o)
   at unify_builder.Program.Main(String[] args_)
---
C51 COMPILER V9.60.7.0 - SN: K1DZC-2SZX4C
COPYRIGHT Copyright (C) 2012 - 2022 ARM Limited or its Affiliates. All rights reserved.
*** ERROR C163 IN LINE 9 OF .\src\main.c: 'cmd_bytes': unknown array size

C51 COMPILATION COMPLETE.  0 WARNING(S),  1 ERROR(S)

[2025-09-04 09:31:44]	[done]
	build successfully !

[2025-09-04 09:33:34]	[done]
	build successfully !

[2025-09-04 09:45:48]	[done]
	build successfully !

[2025-09-04 10:29:04]	[done]
	build successfully !

[2025-09-04 10:29:53]	[done]
	build successfully !

[2025-09-04 11:44:01]	[done]
	build successfully !

[2025-09-16 21:11:27]	[done]
	build successfully !

