[2025-08-29 18:41:44]	[done]
	build successfully !

[2025-08-29 18:42:13]	[done]
	build successfully !

[2025-08-29 18:46:29]	[done]
	build successfully !

[2025-08-29 20:13:12]	[done]
	build successfully !

[2025-08-29 20:21:43]	[done]
	build successfully !

[2025-08-29 20:29:29]	[done]
	build successfully !

[2025-08-29 20:30:16]	[done]
	build successfully !

[2025-08-29 20:31:23]	[done]
	build successfully !

[2025-08-29 20:31:42]	[done]
	build successfully !

[2025-08-29 20:33:51]	[done]
	build successfully !

[2025-08-29 20:34:45]	[done]
	build successfully !

[2025-08-29 20:36:36]	[done]
	build successfully !

[2025-08-29 20:37:01]	[done]
	build successfully !

[2025-08-29 20:43:44]	[done]
	build successfully !

[2025-08-29 20:43:57]	[done]
	build successfully !

[2025-08-29 20:49:20]	compilation failed at : "e:\51_practise\04_digital_tube_dynamic_scanning\04_DIgital_Tube_dynamic_scanning\src\main.c", exit code: 2
command: 
  "d:\Keill_5\C51\BIN\C51.exe" .\src\main.c OMF2 TABS(4) CODE NOCOND SYMBOLS INCDIR(d:/Keill_5/C51/INC/STC;src/App;src/Com;src/Dri;src/Int;d:/Keill_5/C51/INC) DEFINE(__UVISION_VERSION='526') OPTIMIZE(8,SPEED) SMALL ROM(LARGE) PRINT(.\build\Debug\.obj\src\main.lst) OBJECT(.\build\Debug\.obj\src\main.o)
   at unify_builder.Program.Main(String[] args_)
---
C51 COMPILER V9.60.7.0 - SN: K1DZC-2SZX4C
COPYRIGHT Copyright (C) 2012 - 2022 ARM Limited or its Affiliates. All rights reserved.
*** ERROR C202 IN LINE 32 OF .\src\main.c: 'i': undefined identifier
*** ERROR C202 IN LINE 43 OF .\src\main.c: 'buffer': undefined identifier

C51 COMPILATION COMPLETE.  0 WARNING(S),  2 ERROR(S)

[2025-08-29 20:49:54]	[done]
	build successfully !

[2025-08-29 20:52:46]	[done]
	build successfully !

[2025-08-29 20:53:50]	[done]
	build successfully !

[2025-08-29 21:08:53]	compilation failed at : "e:\51_practise\04_digital_tube_dynamic_scanning\04_DIgital_Tube_dynamic_scanning\src\main.c", exit code: 2
command: 
  "d:\Keill_5\C51\BIN\C51.exe" .\src\main.c OMF2 TABS(4) CODE NOCOND SYMBOLS INCDIR(d:/Keill_5/C51/INC/STC;src/App;src/Com;src/Dri;src/Int;d:/Keill_5/C51/INC) DEFINE(__UVISION_VERSION='526') OPTIMIZE(8,SPEED) SMALL ROM(LARGE) PRINT(.\build\Debug\.obj\src\main.lst) OBJECT(.\build\Debug\.obj\src\main.o)
   at unify_builder.Program.Main(String[] args_)
---
C51 COMPILER V9.60.7.0 - SN: K1DZC-2SZX4C
COPYRIGHT Copyright (C) 2012 - 2022 ARM Limited or its Affiliates. All rights reserved.
*** ERROR C141 IN LINE 69 OF .\src\main.c: syntax error near 'while', expected ';'

C51 COMPILATION COMPLETE.  0 WARNING(S),  1 ERROR(S)

[2025-08-29 21:09:07]	[done]
	build successfully !

[2025-08-29 21:09:57]	compilation failed at : "e:\51_practise\04_digital_tube_dynamic_scanning\04_DIgital_Tube_dynamic_scanning\src\main.c", exit code: 2
command: 
  "d:\Keill_5\C51\BIN\C51.exe" .\src\main.c OMF2 TABS(4) CODE NOCOND SYMBOLS INCDIR(d:/Keill_5/C51/INC/STC;src/App;src/Com;src/Dri;src/Int;d:/Keill_5/C51/INC) DEFINE(__UVISION_VERSION='526') OPTIMIZE(8,SPEED) SMALL ROM(LARGE) PRINT(.\build\Debug\.obj\src\main.lst) OBJECT(.\build\Debug\.obj\src\main.o)
   at unify_builder.Program.Main(String[] args_)
---
C51 COMPILER V9.60.7.0 - SN: K1DZC-2SZX4C
COPYRIGHT Copyright (C) 2012 - 2022 ARM Limited or its Affiliates. All rights reserved.
*** ERROR C129 IN LINE 6 OF .\src\main.c: missing ';' before 's_num'

C51 COMPILATION COMPLETE.  0 WARNING(S),  1 ERROR(S)

[2025-08-29 21:10:42]	[done]
	build successfully !

[2025-08-29 21:12:01]	compilation failed at : "e:\51_practise\04_digital_tube_dynamic_scanning\04_DIgital_Tube_dynamic_scanning\src\main.c", exit code: 2
command: 
  "d:\Keill_5\C51\BIN\C51.exe" .\src\main.c OMF2 TABS(4) CODE NOCOND SYMBOLS INCDIR(d:/Keill_5/C51/INC/STC;src/App;src/Com;src/Dri;src/Int;d:/Keill_5/C51/INC) DEFINE(__UVISION_VERSION='526') OPTIMIZE(8,SPEED) SMALL ROM(LARGE) PRINT(.\build\Debug\.obj\src\main.lst) OBJECT(.\build\Debug\.obj\src\main.o)
   at unify_builder.Program.Main(String[] args_)
---
C51 COMPILER V9.60.7.0 - SN: K1DZC-2SZX4C
COPYRIGHT Copyright (C) 2012 - 2022 ARM Limited or its Affiliates. All rights reserved.
*** WARNING C206 IN LINE 26 OF .\src\main.c: '_nop_': missing function-prototype
*** ERROR C264 IN LINE 26 OF .\src\main.c: intrinsic '_nop_': declaration/activation error

C51 COMPILATION COMPLETE.  1 WARNING(S),  1 ERROR(S)

[2025-08-29 21:12:21]	[done]
	build successfully !

[2025-08-29 21:15:40]	[done]
	build successfully !

[2025-08-29 21:16:02]	[done]
	build successfully !

[2025-08-29 21:17:43]	[done]
	build successfully !

[2025-08-29 21:29:21]	compilation failed at : "e:\51_practise\04_digital_tube_dynamic_scanning\04_DIgital_Tube_dynamic_scanning\src\main.c", exit code: 2
command: 
  "d:\Keill_5\C51\BIN\C51.exe" .\src\main.c OMF2 TABS(4) CODE NOCOND SYMBOLS INCDIR(d:/Keill_5/C51/INC/STC;src/App;src/Com;src/Dri;src/Int;d:/Keill_5/C51/INC) DEFINE(__UVISION_VERSION='526') OPTIMIZE(8,SPEED) SMALL ROM(LARGE) PRINT(.\build\Debug\.obj\src\main.lst) OBJECT(.\build\Debug\.obj\src\main.o)
   at unify_builder.Program.Main(String[] args_)
---
C51 COMPILER V9.60.7.0 - SN: K1DZC-2SZX4C
COPYRIGHT Copyright (C) 2012 - 2022 ARM Limited or its Affiliates. All rights reserved.
*** ERROR C141 IN LINE 79 OF .\src\main.c: syntax error near 'void', expected '__asm'

C51 COMPILATION COMPLETE.  0 WARNING(S),  1 ERROR(S)

[2025-08-29 21:29:29]	[done]
	build successfully !

[2025-08-29 21:30:17]	[done]
	build successfully !

[2025-09-07 20:04:09]	[done]
	build successfully !

[2025-09-07 20:04:30]	[done]
	build successfully !

[2025-09-10 11:33:04]	compilation failed at : "e:\51_practise\04_digital_tube_dynamic_scanning\04_DIgital_Tube_dynamic_scanning\src\main.c", exit code: 2
command: 
  "d:\Keill_5\C51\BIN\C51.exe" .\src\main.c OMF2 TABS(4) CODE NOCOND SYMBOLS INCDIR(d:/Keill_5/C51/INC/STC;src/App;src/Com;src/Dri;src/Int;d:/Keill_5/C51/INC) DEFINE(__UVISION_VERSION='526') OPTIMIZE(8,SPEED) SMALL ROM(LARGE) PRINT(.\build\Debug\.obj\src\main.lst) OBJECT(.\build\Debug\.obj\src\main.o)
   at unify_builder.Program.Main(String[] args_)
---
C51 COMPILER V9.60.7.0 - SN: K1DZC-2SZX4C
COPYRIGHT Copyright (C) 2012 - 2022 ARM Limited or its Affiliates. All rights reserved.
*** ERROR C231 IN LINE 6 OF .\src\main.c: 'u8': redefinition
*** ERROR C141 IN LINE 7 OF .\src\main.c: syntax error near 'u32', expected 'hdata'

C51 COMPILATION COMPLETE.  0 WARNING(S),  2 ERROR(S)

[2025-09-10 11:33:21]	compilation failed at : "e:\51_practise\04_digital_tube_dynamic_scanning\04_DIgital_Tube_dynamic_scanning\src\main.c", exit code: 2
command: 
  "d:\Keill_5\C51\BIN\C51.exe" .\src\main.c OMF2 TABS(4) CODE NOCOND SYMBOLS INCDIR(d:/Keill_5/C51/INC/STC;src/App;src/Com;src/Dri;src/Int;d:/Keill_5/C51/INC) DEFINE(__UVISION_VERSION='526') OPTIMIZE(8,SPEED) SMALL ROM(LARGE) PRINT(.\build\Debug\.obj\src\main.lst) OBJECT(.\build\Debug\.obj\src\main.o)
   at unify_builder.Program.Main(String[] args_)
---
C51 COMPILER V9.60.7.0 - SN: K1DZC-2SZX4C
COPYRIGHT Copyright (C) 2012 - 2022 ARM Limited or its Affiliates. All rights reserved.
*** ERROR C231 IN LINE 6 OF .\src\main.c: 'u8': redefinition
*** ERROR C141 IN LINE 7 OF .\src\main.c: syntax error near 'u32', expected 'hdata'

C51 COMPILATION COMPLETE.  0 WARNING(S),  2 ERROR(S)

[2025-09-10 11:33:52]	compilation failed at : "e:\51_practise\04_digital_tube_dynamic_scanning\04_DIgital_Tube_dynamic_scanning\src\main.c", exit code: 2
command: 
  "d:\Keill_5\C51\BIN\C51.exe" .\src\main.c OMF2 TABS(4) CODE NOCOND SYMBOLS INCDIR(d:/Keill_5/C51/INC/STC;src/App;src/Com;src/Dri;src/Int;d:/Keill_5/C51/INC) DEFINE(__UVISION_VERSION='526') OPTIMIZE(8,SPEED) SMALL ROM(LARGE) PRINT(.\build\Debug\.obj\src\main.lst) OBJECT(.\build\Debug\.obj\src\main.o)
   at unify_builder.Program.Main(String[] args_)
---
C51 COMPILER V9.60.7.0 - SN: K1DZC-2SZX4C
COPYRIGHT Copyright (C) 2012 - 2022 ARM Limited or its Affiliates. All rights reserved.
*** WARNING C206 IN LINE 25 OF .\src\main.c: '_nop_': missing function-prototype
*** ERROR C264 IN LINE 25 OF .\src\main.c: intrinsic '_nop_': declaration/activation error

C51 COMPILATION COMPLETE.  1 WARNING(S),  1 ERROR(S)

[2025-09-10 11:35:26]	[done]
	build successfully !

[2025-09-10 11:35:48]	[done]
	build successfully !

[2025-09-14 13:19:58]	[done]
	build successfully !

