[2025-08-31 10:20:56]	compilation failed at : "e:\51_practise\10_matrix_led\10_matrix_led\src\Int\Int_LED_Matrix.c", exit code: 2
command: 
  "d:\Keill_5\C51\BIN\C51.exe" .\src\Int\Int_LED_Matrix.c OMF2 TABS(4) CODE NOCOND SYMBOLS INCDIR(d:/Keill_5/C51/INC/STC;src/App;src/Com;src/Dri;src/Int;d:/Keill_5/C51/INC) DEFINE(__UVISION_VERSION='526') OPTIMIZE(8,SPEED) SMALL ROM(LARGE) PRINT(.\build\Debug\.obj\src\Int\Int_LED_Matrix.lst) OBJECT(.\build\Debug\.obj\src\Int\Int_LED_Matrix.o)
   at unify_builder.Program.Main(String[] args_)
---
C51 COMPILER V9.60.7.0 - SN: K1DZC-2SZX4C
COPYRIGHT Copyright (C) 2012 - 2022 ARM Limited or its Affiliates. All rights reserved.
*** ERROR C202 IN LINE 16 OF .\src\Int\Int_LED_Matrix.c: 'i': undefined identifier
*** ERROR C202 IN LINE 18 OF .\src\Int\Int_LED_Matrix.c: 'i': undefined identifier

C51 COMPILATION COMPLETE.  0 WARNING(S),  2 ERROR(S)

[2025-08-31 10:21:25]	[done]
	build successfully !

[2025-08-31 10:21:40]	[done]
	build successfully !

[2025-08-31 10:34:06]	[done]
	build successfully !

[2025-08-31 10:55:00]	compilation failed at : "e:\51_practise\10_matrix_led\10_matrix_led\src\Int\Int_LED_Matrix.c", exit code: 2
command: 
  "d:\Keill_5\C51\BIN\C51.exe" .\src\Int\Int_LED_Matrix.c OMF2 TABS(4) CODE NOCOND SYMBOLS INCDIR(d:/Keill_5/C51/INC/STC;src/App;src/Com;src/Dri;src/Int;d:/Keill_5/C51/INC) DEFINE(__UVISION_VERSION='526') OPTIMIZE(8,SPEED) SMALL ROM(LARGE) PRINT(.\build\Debug\.obj\src\Int\Int_LED_Matrix.lst) OBJECT(.\build\Debug\.obj\src\Int\Int_LED_Matrix.o)
   at unify_builder.Program.Main(String[] args_)
---
C51 COMPILER V9.60.7.0 - SN: K1DZC-2SZX4C
COPYRIGHT Copyright (C) 2012 - 2022 ARM Limited or its Affiliates. All rights reserved.
*** WARNING C206 IN LINE 22 OF .\src\Int\Int_LED_Matrix.c: 'Int_LEDMatrix_Refresh_Timer0': missing function-prototype
*** ERROR C214 IN LINE 22 OF .\src\Int\Int_LED_Matrix.c: illegal pointer conversion

C51 COMPILATION COMPLETE.  1 WARNING(S),  1 ERROR(S)

[2025-08-31 10:57:13]	compilation failed at : "e:\51_practise\10_matrix_led\10_matrix_led\src\Int\Int_LED_Matrix.c", exit code: 2
command: 
  "d:\Keill_5\C51\BIN\C51.exe" .\src\Int\Int_LED_Matrix.c OMF2 TABS(4) CODE NOCOND SYMBOLS INCDIR(d:/Keill_5/C51/INC/STC;src/App;src/Com;src/Dri;src/Int;d:/Keill_5/C51/INC) DEFINE(__UVISION_VERSION='526') OPTIMIZE(8,SPEED) SMALL ROM(LARGE) PRINT(.\build\Debug\.obj\src\Int\Int_LED_Matrix.lst) OBJECT(.\build\Debug\.obj\src\Int\Int_LED_Matrix.o)
   at unify_builder.Program.Main(String[] args_)
---
C51 COMPILER V9.60.7.0 - SN: K1DZC-2SZX4C
COPYRIGHT Copyright (C) 2012 - 2022 ARM Limited or its Affiliates. All rights reserved.
*** ERROR C202 IN LINE 22 OF .\src\Int\Int_LED_Matrix.c: 'Int_LEDMatrix_Refresh_Timer0': undefined identifier

C51 COMPILATION COMPLETE.  0 WARNING(S),  1 ERROR(S)

[2025-08-31 10:58:03]	compilation failed at : "e:\51_practise\10_matrix_led\10_matrix_led\src\Int\Int_LED_Matrix.c", exit code: 2
command: 
  "d:\Keill_5\C51\BIN\C51.exe" .\src\Int\Int_LED_Matrix.c OMF2 TABS(4) CODE NOCOND SYMBOLS INCDIR(d:/Keill_5/C51/INC/STC;src/App;src/Com;src/Dri;src/Int;d:/Keill_5/C51/INC) DEFINE(__UVISION_VERSION='526') OPTIMIZE(8,SPEED) SMALL ROM(LARGE) PRINT(.\build\Debug\.obj\src\Int\Int_LED_Matrix.lst) OBJECT(.\build\Debug\.obj\src\Int\Int_LED_Matrix.o)
   at unify_builder.Program.Main(String[] args_)
---
C51 COMPILER V9.60.7.0 - SN: K1DZC-2SZX4C
COPYRIGHT Copyright (C) 2012 - 2022 ARM Limited or its Affiliates. All rights reserved.
*** WARNING C206 IN LINE 22 OF .\src\Int\Int_LED_Matrix.c: 'Int_LEDMatrix_Refresh_Timer0': missing function-prototype
*** ERROR C214 IN LINE 22 OF .\src\Int\Int_LED_Matrix.c: illegal pointer conversion

C51 COMPILATION COMPLETE.  1 WARNING(S),  1 ERROR(S)

[2025-08-31 10:59:13]	compilation failed at : "e:\51_practise\10_matrix_led\10_matrix_led\src\Int\Int_LED_Matrix.c", exit code: 2
command: 
  "d:\Keill_5\C51\BIN\C51.exe" .\src\Int\Int_LED_Matrix.c OMF2 TABS(4) CODE NOCOND SYMBOLS INCDIR(d:/Keill_5/C51/INC/STC;src/App;src/Com;src/Dri;src/Int;d:/Keill_5/C51/INC) DEFINE(__UVISION_VERSION='526') OPTIMIZE(8,SPEED) SMALL ROM(LARGE) PRINT(.\build\Debug\.obj\src\Int\Int_LED_Matrix.lst) OBJECT(.\build\Debug\.obj\src\Int\Int_LED_Matrix.o)
   at unify_builder.Program.Main(String[] args_)
---
C51 COMPILER V9.60.7.0 - SN: K1DZC-2SZX4C
COPYRIGHT Copyright (C) 2012 - 2022 ARM Limited or its Affiliates. All rights reserved.
*** ERROR C202 IN LINE 22 OF .\src\Int\Int_LED_Matrix.c: 'Int_LEDMatrix_Refresh_Timer0': undefined identifier

C51 COMPILATION COMPLETE.  0 WARNING(S),  1 ERROR(S)

[2025-08-31 11:02:09]	[done]
	build successfully !

