[2025-09-03 09:42:12]	[done]
	build successfully !

[2025-09-03 09:45:41]	compilation failed at : "e:\51_practise\15_IIC_EEPROM\15_IIC_EEPROM\src\main.c", exit code: 2
command: 
  "d:\Keill_5\C51\BIN\C51.exe" .\src\main.c OMF2 TABS(4) CODE NOCOND SYMBOLS INCDIR(d:/Keill_5/C51/INC/STC;src/App;src/Com;src/Dri;src/Int;d:/Keill_5/C51/INC) DEFINE(__UVISION_VERSION='526') OPTIMIZE(8,SPEED) SMALL ROM(LARGE) PRINT(.\build\Debug\.obj\src\main.lst) OBJECT(.\build\Debug\.obj\src\main.o)
   at unify_builder.Program.Main(String[] args_)
---
C51 COMPILER V9.60.7.0 - SN: K1DZC-2SZX4C
COPYRIGHT Copyright (C) 2012 - 2022 ARM Limited or its Affiliates. All rights reserved.
*** ERROR C141 IN LINE 20 OF .\src\main.c: syntax error near 'while', expected ';'

C51 COMPILATION COMPLETE.  0 WARNING(S),  1 ERROR(S)

[2025-09-03 09:45:56]	link failed !, exit code: 2
   at unify_builder.Program.Main(String[] args_)
---

LX51 LINKER/LOCATER V4.66.100.0 - SN: K1DZC-2SZX4C
COPYRIGHT Copyright (C) 1995-2021, Arm Limited or its Affiliates. All rights reserved.
@e:\51_practise\15_IIC_EEPROM\15_IIC_EEPROM\build\Debug\15_IIC_EEPROM.lnp .\build\Debug\.obj\src\Com\Com_util.o,.\build\Debug\.obj\src\Dri\Dri_IIC.o,.\build\Debug\.obj\src\Dri\Dri_Timer0.o,.\build\Debug\.obj\src\Int\Int_EEPROM.o,.\build\Debug\.obj\src\Int\Int_LED_Matrix.o,.\build\Debug\.obj\src\main.o TO .\build\Debug\15_IIC_EEPROM
PRINT(.\build\Debug\15_IIC_EEPROM.map) REMOVEUNUSED

*** ERROR L127: UNRESOLVED EXTERNAL SYMBOL
    SYMBOL:  buffer
    MODULE:  .\BUILD\DEBUG\.OBJ\SRC\MAIN.O (MAIN)

*** ERROR L128: REFERENCE MADE TO UNRESOLVED EXTERNAL
    SYMBOL:  buffer
    MODULE:  .\BUILD\DEBUG\.OBJ\SRC\MAIN.O (MAIN)
    ADDRESS: 10002C7H

*** ERROR L128: REFERENCE MADE TO UNRESOLVED EXTERNAL
    SYMBOL:  buffer
    MODULE:  .\BUILD\DEBUG\.OBJ\SRC\MAIN.O (MAIN)
    ADDRESS: 10002C9H

*** ERROR L128: REFERENCE MADE TO UNRESOLVED EXTERNAL
    SYMBOL:  buffer
    MODULE:  .\BUILD\DEBUG\.OBJ\SRC\MAIN.O (MAIN)
    ADDRESS: 10002D6H

Program Size: data=71.1 xdata=0 const=0 code=1022
LX51 RUN COMPLETE.  0 WARNING(S),  4 ERROR(S)


[2025-09-03 09:47:24]	[done]
	build successfully !

