[2025-08-30 17:19:18]	compilation failed at : "e:\51_practise\06_martix_keypad\06_martix_keypad\src\Dri\Dri_DigitalTube_Matrix.c", exit code: 2
command: 
  "d:\Keill_5\C51\BIN\C51.exe" .\src\Dri\Dri_DigitalTube_Matrix.c OMF2 TABS(4) CODE NOCOND SYMBOLS INCDIR(d:/Keill_5/C51/INC/STC;src/App;src/Com;src/Dri;src/Int;d:/Keill_5/C51/INC) DEFINE(__UVISION_VERSION='526') OPTIMIZE(8,SPEED) SMALL ROM(LARGE) PRINT(.\build\Debug\.obj\src\Dri\Dri_DigitalTube_Matrix.lst) OBJECT(.\build\Debug\.obj\src\Dri\Dri_DigitalTube_Matrix.o)
   at unify_builder.Program.Main(String[] args_)
---
C51 COMPILER V9.60.7.0 - SN: K1DZC-2SZX4C
COPYRIGHT Copyright (C) 2012 - 2022 ARM Limited or its Affiliates. All rights reserved.
*** ERROR C141 IN LINE 4 OF .\src\Dri\Dri_DigitalTube_Matrix.h: syntax error near 'position', expected ')'
*** ERROR C141 IN LINE 5 OF .\src\Dri\Dri_DigitalTube_Matrix.h: syntax error near 'num', expected ')'
*** ERROR C236 IN LINE 5 OF .\src\Dri\Dri_DigitalTube_Matrix.c: '_Dri_DigitalTube_DisplaySingle': different length of parameter lists
*** ERROR C202 IN LINE 6 OF .\src\Dri\Dri_DigitalTube_Matrix.c: 'P0': undefined identifier
*** ERROR C202 IN LINE 9 OF .\src\Dri\Dri_DigitalTube_Matrix.c: 'P1': undefined identifier
*** ERROR C202 IN LINE 10 OF .\src\Dri\Dri_DigitalTube_Matrix.c: 'P1': undefined identifier
*** ERROR C202 IN LINE 12 OF .\src\Dri\Dri_DigitalTube_Matrix.c: 'P0': undefined identifier

C51 COMPILATION COMPLETE.  0 WARNING(S),  7 ERROR(S)

[2025-08-30 17:19:54]	compilation failed at : "e:\51_practise\06_martix_keypad\06_martix_keypad\src\Dri\Dri_DigitalTube_Matrix.c", exit code: 2
command: 
  "d:\Keill_5\C51\BIN\C51.exe" .\src\Dri\Dri_DigitalTube_Matrix.c OMF2 TABS(4) CODE NOCOND SYMBOLS INCDIR(d:/Keill_5/C51/INC/STC;src/App;src/Com;src/Dri;src/Int;d:/Keill_5/C51/INC) DEFINE(__UVISION_VERSION='526') OPTIMIZE(8,SPEED) SMALL ROM(LARGE) PRINT(.\build\Debug\.obj\src\Dri\Dri_DigitalTube_Matrix.lst) OBJECT(.\build\Debug\.obj\src\Dri\Dri_DigitalTube_Matrix.o)
   at unify_builder.Program.Main(String[] args_)
---
C51 COMPILER V9.60.7.0 - SN: K1DZC-2SZX4C
COPYRIGHT Copyright (C) 2012 - 2022 ARM Limited or its Affiliates. All rights reserved.
*** ERROR C141 IN LINE 4 OF .\src\Dri\Dri_DigitalTube_Matrix.h: syntax error near 'position', expected ')'
*** ERROR C141 IN LINE 5 OF .\src\Dri\Dri_DigitalTube_Matrix.h: syntax error near 'num', expected ')'
*** ERROR C236 IN LINE 6 OF .\src\Dri\Dri_DigitalTube_Matrix.c: '_Dri_DigitalTube_DisplaySingle': different length of parameter lists

C51 COMPILATION COMPLETE.  0 WARNING(S),  3 ERROR(S)

[2025-08-30 17:23:39]	compilation failed at : "e:\51_practise\06_martix_keypad\06_martix_keypad\src\Dri\Dri_DigitalTube_Matrix.c", exit code: 2
command: 
  "d:\Keill_5\C51\BIN\C51.exe" .\src\Dri\Dri_DigitalTube_Matrix.c OMF2 TABS(4) CODE NOCOND SYMBOLS INCDIR(d:/Keill_5/C51/INC/STC;src/App;src/Com;src/Dri;src/Int;d:/Keill_5/C51/INC) DEFINE(__UVISION_VERSION='526') OPTIMIZE(8,SPEED) SMALL ROM(LARGE) PRINT(.\build\Debug\.obj\src\Dri\Dri_DigitalTube_Matrix.lst) OBJECT(.\build\Debug\.obj\src\Dri\Dri_DigitalTube_Matrix.o)
   at unify_builder.Program.Main(String[] args_)
---
C51 COMPILER V9.60.7.0 - SN: K1DZC-2SZX4C
COPYRIGHT Copyright (C) 2012 - 2022 ARM Limited or its Affiliates. All rights reserved.
*** ERROR C141 IN LINE 4 OF .\src\Dri\Dri_DigitalTube_Matrix.h: syntax error near 'position', expected ')'
*** ERROR C141 IN LINE 5 OF .\src\Dri\Dri_DigitalTube_Matrix.h: syntax error near 'num', expected ')'
*** ERROR C236 IN LINE 6 OF .\src\Dri\Dri_DigitalTube_Matrix.c: '_Dri_DigitalTube_DisplaySingle': different length of parameter lists

C51 COMPILATION COMPLETE.  0 WARNING(S),  3 ERROR(S)

[2025-08-30 17:25:26]	compilation failed at : "e:\51_practise\06_martix_keypad\06_martix_keypad\src\Dri\Dri_DigitalTube_Matrix.c", exit code: 2
command: 
  "d:\Keill_5\C51\BIN\C51.exe" .\src\Dri\Dri_DigitalTube_Matrix.c OMF2 TABS(4) CODE NOCOND SYMBOLS INCDIR(d:/Keill_5/C51/INC/STC;src/App;src/Com;src/Dri;src/Int;d:/Keill_5/C51/INC) DEFINE(__UVISION_VERSION='526') OPTIMIZE(8,SPEED) SMALL ROM(LARGE) PRINT(.\build\Debug\.obj\src\Dri\Dri_DigitalTube_Matrix.lst) OBJECT(.\build\Debug\.obj\src\Dri\Dri_DigitalTube_Matrix.o)
   at unify_builder.Program.Main(String[] args_)
---
C51 COMPILER V9.60.7.0 - SN: K1DZC-2SZX4C
COPYRIGHT Copyright (C) 2012 - 2022 ARM Limited or its Affiliates. All rights reserved.
*** ERROR C141 IN LINE 4 OF .\src\Dri\Dri_DigitalTube_Matrix.h: syntax error near 'position', expected ')'
*** ERROR C141 IN LINE 5 OF .\src\Dri\Dri_DigitalTube_Matrix.h: syntax error near 'num', expected ')'
*** ERROR C236 IN LINE 6 OF .\src\Dri\Dri_DigitalTube_Matrix.c: '_Dri_DigitalTube_DisplaySingle': different length of parameter lists

C51 COMPILATION COMPLETE.  0 WARNING(S),  3 ERROR(S)

[2025-08-30 17:26:57]	compilation failed at : "e:\51_practise\06_martix_keypad\06_martix_keypad\src\Dri\Dri_DigitalTube_Matrix.c", exit code: 2
command: 
  "d:\Keill_5\C51\BIN\C51.exe" .\src\Dri\Dri_DigitalTube_Matrix.c OMF2 TABS(4) CODE NOCOND SYMBOLS INCDIR(d:/Keill_5/C51/INC/STC;src/App;src/Com;src/Dri;src/Int;d:/Keill_5/C51/INC) DEFINE(__UVISION_VERSION='526') OPTIMIZE(8,SPEED) SMALL ROM(LARGE) PRINT(.\build\Debug\.obj\src\Dri\Dri_DigitalTube_Matrix.lst) OBJECT(.\build\Debug\.obj\src\Dri\Dri_DigitalTube_Matrix.o)
   at unify_builder.Program.Main(String[] args_)
---
C51 COMPILER V9.60.7.0 - SN: K1DZC-2SZX4C
COPYRIGHT Copyright (C) 2012 - 2022 ARM Limited or its Affiliates. All rights reserved.
*** ERROR C141 IN LINE 4 OF .\src\Dri\Dri_DigitalTube_Matrix.h: syntax error near 'position', expected ')'
*** ERROR C141 IN LINE 5 OF .\src\Dri\Dri_DigitalTube_Matrix.h: syntax error near 'num', expected ')'
*** ERROR C236 IN LINE 6 OF .\src\Dri\Dri_DigitalTube_Matrix.c: '_Dri_DigitalTube_DisplaySingle': different length of parameter lists

C51 COMPILATION COMPLETE.  0 WARNING(S),  3 ERROR(S)

[2025-08-30 17:28:08]	compilation failed at : "e:\51_practise\06_martix_keypad\06_martix_keypad\src\Dri\Dri_DigitalTube_Matrix.c", exit code: 2
command: 
  "d:\Keill_5\C51\BIN\C51.exe" .\src\Dri\Dri_DigitalTube_Matrix.c OMF2 TABS(4) CODE NOCOND SYMBOLS INCDIR(d:/Keill_5/C51/INC/STC;src/App;src/Com;src/Dri;src/Int;d:/Keill_5/C51/INC) DEFINE(__UVISION_VERSION='526') OPTIMIZE(8,SPEED) SMALL ROM(LARGE) PRINT(.\build\Debug\.obj\src\Dri\Dri_DigitalTube_Matrix.lst) OBJECT(.\build\Debug\.obj\src\Dri\Dri_DigitalTube_Matrix.o)
   at unify_builder.Program.Main(String[] args_)
---
C51 COMPILER V9.60.7.0 - SN: K1DZC-2SZX4C
COPYRIGHT Copyright (C) 2012 - 2022 ARM Limited or its Affiliates. All rights reserved.
*** ERROR C141 IN LINE 4 OF .\src\Dri\Dri_DigitalTube_Matrix.h: syntax error near 'position', expected ')'
*** ERROR C141 IN LINE 5 OF .\src\Dri\Dri_DigitalTube_Matrix.h: syntax error near 'num', expected ')'
*** ERROR C236 IN LINE 6 OF .\src\Dri\Dri_DigitalTube_Matrix.c: '_Dri_DigitalTube_DisplaySingle': different length of parameter lists

C51 COMPILATION COMPLETE.  0 WARNING(S),  3 ERROR(S)

[2025-08-30 17:30:08]	compilation failed at : "e:\51_practise\06_martix_keypad\06_martix_keypad\src\Dri\Dri_DigitalTube_Matrix.c", exit code: 2
command: 
  "d:\Keill_5\C51\BIN\C51.exe" .\src\Dri\Dri_DigitalTube_Matrix.c OMF2 TABS(4) CODE NOCOND SYMBOLS INCDIR(d:/Keill_5/C51/INC/STC;src/App;src/Com;src/Dri;src/Int;d:/Keill_5/C51/INC) DEFINE(__UVISION_VERSION='526') OPTIMIZE(8,SPEED) SMALL ROM(LARGE) PRINT(.\build\Debug\.obj\src\Dri\Dri_DigitalTube_Matrix.lst) OBJECT(.\build\Debug\.obj\src\Dri\Dri_DigitalTube_Matrix.o)
   at unify_builder.Program.Main(String[] args_)
---
C51 COMPILER V9.60.7.0 - SN: K1DZC-2SZX4C
COPYRIGHT Copyright (C) 2012 - 2022 ARM Limited or its Affiliates. All rights reserved.
*** ERROR C202 IN LINE 21 OF .\src\Dri\Dri_DigitalTube_Matrix.c: 'buffer': undefined identifier
*** ERROR C202 IN LINE 26 OF .\src\Dri\Dri_DigitalTube_Matrix.c: 'buffer': undefined identifier
*** ERROR C202 IN LINE 36 OF .\src\Dri\Dri_DigitalTube_Matrix.c: 'buffer': undefined identifier

C51 COMPILATION COMPLETE.  0 WARNING(S),  3 ERROR(S)

[2025-08-30 17:30:45]	compilation failed at : "e:\51_practise\06_martix_keypad\06_martix_keypad\src\Dri\Dri_DigitalTube_Matrix.c", exit code: 2
command: 
  "d:\Keill_5\C51\BIN\C51.exe" .\src\Dri\Dri_DigitalTube_Matrix.c OMF2 TABS(4) CODE NOCOND SYMBOLS INCDIR(d:/Keill_5/C51/INC/STC;src/App;src/Com;src/Dri;src/Int;d:/Keill_5/C51/INC) DEFINE(__UVISION_VERSION='526') OPTIMIZE(8,SPEED) SMALL ROM(LARGE) PRINT(.\build\Debug\.obj\src\Dri\Dri_DigitalTube_Matrix.lst) OBJECT(.\build\Debug\.obj\src\Dri\Dri_DigitalTube_Matrix.o)
   at unify_builder.Program.Main(String[] args_)
---
C51 COMPILER V9.60.7.0 - SN: K1DZC-2SZX4C
COPYRIGHT Copyright (C) 2012 - 2022 ARM Limited or its Affiliates. All rights reserved.
*** ERROR C208 IN LINE 53 OF .\src\Dri\Dri_DigitalTube_Matrix.c: '_Dri_DigitalTube_Displaynum': too many actual parameters

C51 COMPILATION COMPLETE.  0 WARNING(S),  1 ERROR(S)

[2025-08-30 17:32:42]	[done]
	build successfully !

[2025-08-30 17:33:39]	[done]
	build successfully !

[2025-08-30 17:35:29]	[done]
	build successfully !

[2025-08-30 17:40:19]	[done]
	build successfully !

[2025-08-30 17:57:28]	[done]
	build successfully !

